<?xml version="1.0" encoding="UTF-8"?>
<!-- Generated by org.testng.reporters.JUnitReportReporter -->
<testsuite hostname="TYSS-Piyush-Baldaniya" failures="0" tests="1" name="extra.Demo3" time="4.488" errors="0" timestamp="2025-05-25T14:41:57 IST" skipped="0">
  <testcase classname="extra.Demo3" name="mul" time="4.488">
    <system-out>
      <![CDATA[Demo3]]>
    </system-out>
  </testcase> <!-- mul -->
  <system-out>
    <![CDATA[Demo2
Demo3
Demo1]]>
  </system-out>
</testsuite> <!-- extra.Demo3 -->
