<?xml version="1.0" encoding="UTF-8"?>
<!-- Generated by org.testng.reporters.JUnitReportReporter -->
<testsuite hostname="TYSS-Piyush-Baldaniya" failures="0" tests="3" name="extra.DemoForDP" time="10.608" errors="0" timestamp="2025-06-08T13:07:44 IST" skipped="0">
  <testcase classname="extra.DemoForDP" name="loginToFb" time="3.823"/>
  <testcase classname="extra.DemoForDP" name="loginToFb" time="3.336"/>
  <testcase classname="extra.DemoForDP" name="loginToFb" time="3.449"/>
</testsuite> <!-- extra.DemoForDP -->
