<?xml version="1.0" encoding="UTF-8"?>
<!-- Generated by org.testng.reporters.JUnitReportReporter -->
<testsuite hostname="TYSS-Piyush-Baldaniya" failures="0" tests="1" name="extra.Demo1" time="3.551" errors="0" timestamp="2025-06-01T12:19:12 IST" skipped="0">
  <testcase classname="extra.Demo1" name="add" time="3.551"/>
  <system-out>
    <![CDATA[DB connectivity + Report Configuration
Pre Conditions
Opening Browser
Logging in
Logging out
Closing the browser
Post condition
DB disconnect + Report Backup]]>
  </system-out>
</testsuite> <!-- extra.Demo1 -->
