<?xml version="1.0" encoding="UTF-8"?>
<!-- Generated by org.testng.reporters.JUnitReportReporter -->
<testsuite hostname="TYSS-Piyush-Baldaniya" failures="0" tests="3" name="listeners_utility.DemoForListeners" time="0.014" errors="0" timestamp="2025-06-08T12:49:26 IST" skipped="0">
  <testcase classname="listeners_utility.DemoForListeners" name="createCity" time="0.011"/>
  <testcase classname="listeners_utility.DemoForListeners" name="deleteCity" time="0.002"/>
  <testcase classname="listeners_utility.DemoForListeners" name="modifyCity" time="0.001"/>
</testsuite> <!-- listeners_utility.DemoForListeners -->
