<?xml version="1.0" encoding="UTF-8"?>
<!-- Generated by org.testng.reporters.JUnitReportReporter -->
<testsuite hostname="TYSS-Piyush-Baldaniya" failures="0" tests="1" name="com.comcast.crm.orgtest.CreateOrgTest" time="14.443" errors="0" timestamp="2025-06-01T13:11:08 IST" skipped="0">
  <testcase classname="com.comcast.crm.orgtest.CreateOrgTest" name="createOrgTest" time="14.443"/>
</testsuite> <!-- com.comcast.crm.orgtest.CreateOrgTest -->
