<?xml version="1.0" encoding="UTF-8"?>
<!-- Generated by org.testng.reporters.JUnitReportReporter -->
<testsuite hostname="TYSS-Piyush-Baldaniya" failures="0" tests="2" name="workingWithAssertion.AssertHard" time="0.018" errors="0" timestamp="2025-05-31T19:49:22 IST" skipped="1">
  <testcase classname="workingWithAssertion.AssertHard" name="case2" time="0.018"/>
  <testcase classname="workingWithAssertion.AssertHard" name="case1">
    <skipped/>
  </testcase> <!-- case1 -->
</testsuite> <!-- workingWithAssertion.AssertHard -->
