<?xml version="1.0" encoding="UTF-8"?>
<!-- Generated by org.testng.reporters.JUnitReportReporter -->
<testsuite hostname="TYSS-Piyush-Baldaniya" failures="0" tests="1" name="extra.Demo2" time="4.349" errors="0" timestamp="2025-05-25T14:41:57 IST" skipped="0">
  <testcase classname="extra.Demo2" name="sub" time="4.349">
    <system-out>
      <![CDATA[Demo2]]>
    </system-out>
  </testcase> <!-- sub -->
  <system-out>
    <![CDATA[Demo2
Demo3
Demo1]]>
  </system-out>
</testsuite> <!-- extra.Demo2 -->
