<?xml version="1.0" encoding="UTF-8"?>
<!-- Generated by org.testng.reporters.JUnitReportReporter -->
<testsuite hostname="TYSS-Piyush-Baldaniya" failures="0" tests="1" name="com.comcast.crm.contacttest.CreateContactTest" time="11.666" errors="0" timestamp="2025-06-01T13:11:08 IST" skipped="0">
  <testcase classname="com.comcast.crm.contacttest.CreateContactTest" name="createConTest" time="11.666"/>
</testsuite> <!-- com.comcast.crm.contacttest.CreateContactTest -->
