<?xml version="1.0" encoding="UTF-8"?>
<!-- Generated by org.testng.reporters.JUnitReportReporter -->
<testsuite hostname="TYSS-Piyush-Baldaniya" failures="0" tests="3" name="extra.Demo4" time="0.016" errors="0" timestamp="2025-05-25T14:57:56 IST" skipped="0">
  <testcase classname="extra.Demo4" name="case3" time="0.001">
    <system-out>
      <![CDATA[Reg Group]]>
    </system-out>
  </testcase> <!-- case3 -->
  <testcase classname="extra.Demo4" name="case5" time="0.003">
    <system-out>
      <![CDATA[Reg Group]]>
    </system-out>
  </testcase> <!-- case5 -->
  <testcase classname="extra.Demo4" name="case2" time="0.012">
    <system-out>
      <![CDATA[Reg Group]]>
    </system-out>
  </testcase> <!-- case2 -->
  <system-out>
    <![CDATA[Reg Group
Reg Group
Reg Group]]>
  </system-out>
</testsuite> <!-- extra.Demo4 -->
