<?xml version="1.0" encoding="UTF-8"?>
<!-- Generated by org.testng.reporters.JUnitReportReporter -->
<testsuite hostname="TYSS-Piyush-Baldaniya" failures="0" tests="1" name="extra.AdvanceReporting" time="0.014" errors="0" timestamp="2025-06-01T13:54:30 IST" skipped="0">
  <testcase classname="extra.AdvanceReporting" name="extentTest1" time="0.014"/>
</testsuite> <!-- extra.AdvanceReporting -->
