<?xml version="1.0" encoding="UTF-8"?>
<!-- Generated by org.testng.reporters.JUnitReportReporter -->
<testsuite hostname="TYSS-Piyush-Baldaniya" failures="0" tests="1" name="extra.Demo" time="1.417" errors="0" timestamp="2025-05-25T13:11:34 IST" skipped="0">
  <testcase classname="extra.Demo" name="main" time="1.417">
    <system-out>
      <![CDATA[Hey]]>
    </system-out>
  </testcase> <!-- main -->
  <system-out>
    <![CDATA[Hey]]>
  </system-out>
</testsuite> <!-- extra.Demo -->
